# JRE version: OpenJDK Runtime Environment (8.0_152-b08) (build 1.8.0_152-release-915-b08)
# Java VM: OpenJDK 64-Bit Server VM (25.152-b08 mixed mode bsd-amd64 compressed oops)
Heap:
 PSYoungGen      total 407552K, used 5717K [0x00000007a0000000, 0x00000007c0000000, 0x00000007c0000000)
  eden space 290816K, 0% used [0x00000007a0000000,0x00000007a0000000,0x00000007b1c00000)
  from space 116736K, 4% used [0x00000007b1c00000,0x00000007b2195640,0x00000007b8e00000)
  to   space 113664K, 0% used [0x00000007b9100000,0x00000007b9100000,0x00000007c0000000)
 ParOldGen       total 1048576K, used 293173K [0x0000000760000000, 0x00000007a0000000, 0x00000007a0000000)
  object space 1048576K, 27% used [0x0000000760000000,0x0000000771e4d670,0x00000007a0000000)
 Metaspace       used 88766K, capacity 90700K, committed 128128K, reserved 1161216K
  class space    used 10011K, capacity 10451K, committed 16000K, reserved 1048576K
GC Heap History (10 events):
Event: 12920.721 GC heap after
Heap after GC invocations=108 (full 15):
 PSYoungGen      total 407552K, used 0K [0x00000007a0000000, 0x00000007bf800000, 0x00000007c0000000)
  eden space 298496K, 0% used [0x00000007a0000000,0x00000007a0000000,0x00000007b2380000)
  from space 109056K, 0% used [0x00000007b2380000,0x00000007b2380000,0x00000007b8e00000)
  to   space 107520K, 0% used [0x00000007b8f00000,0x00000007b8f00000,0x00000007bf800000)
 ParOldGen       total 1048576K, used 201807K [0x0000000760000000, 0x00000007a0000000, 0x00000007a0000000)
  object space 1048576K, 19% used [0x0000000760000000,0x000000076c513c20,0x00000007a0000000)
 Metaspace       used 81469K, capacity 83004K, committed 128128K, reserved 1161216K
  class space    used 9054K, capacity 9381K, committed 16000K, reserved 1048576K
}
Event: 16339.255 GC heap before
{Heap before GC invocations=109 (full 15):
 PSYoungGen      total 407552K, used 298496K [0x00000007a0000000, 0x00000007bf800000, 0x00000007c0000000)
  eden space 298496K, 100% used [0x00000007a0000000,0x00000007b2380000,0x00000007b2380000)
  from space 109056K, 0% used [0x00000007b2380000,0x00000007b2380000,0x00000007b8e00000)
  to   space 107520K, 0% used [0x00000007b8f00000,0x00000007b8f00000,0x00000007bf800000)
 ParOldGen       total 1048576K, used 201807K [0x0000000760000000, 0x00000007a0000000, 0x00000007a0000000)
  object space 1048576K, 19% used [0x0000000760000000,0x000000076c513c20,0x00000007a0000000)
 Metaspace       used 82017K, capacity 83662K, committed 128128K, reserved 1161216K
  class space    used 9116K, capacity 9484K, committed 16000K, reserved 1048576K
Event: 16339.431 GC heap after
Heap after GC invocations=109 (full 15):
 PSYoungGen      total 410624K, used 39399K [0x00000007a0000000, 0x00000007bf580000, 0x00000007c0000000)
  eden space 305664K, 0% used [0x00000007a0000000,0x00000007a0000000,0x00000007b2a80000)
  from space 104960K, 37% used [0x00000007b8f00000,0x00000007bb579ed8,0x00000007bf580000)
  to   space 102912K, 0% used [0x00000007b2a80000,0x00000007b2a80000,0x00000007b8f00000)
 ParOldGen       total 1048576K, used 201815K [0x0000000760000000, 0x00000007a0000000, 0x00000007a0000000)
  object space 1048576K, 19% used [0x0000000760000000,0x000000076c515c20,0x00000007a0000000)
 Metaspace       used 82017K, capacity 83662K, committed 128128K, reserved 1161216K
  class space    used 9116K, capacity 9484K, committed 16000K, reserved 1048576K
}
Event: 16342.551 GC heap before
{Heap before GC invocations=110 (full 15):
 PSYoungGen      total 410624K, used 345063K [0x00000007a0000000, 0x00000007bf580000, 0x00000007c0000000)
  eden space 305664K, 100% used [0x00000007a0000000,0x00000007b2a80000,0x00000007b2a80000)
  from space 104960K, 37% used [0x00000007b8f00000,0x00000007bb579ed8,0x00000007bf580000)
  to   space 102912K, 0% used [0x00000007b2a80000,0x00000007b2a80000,0x00000007b8f00000)
 ParOldGen       total 1048576K, used 201815K [0x0000000760000000, 0x00000007a0000000, 0x00000007a0000000)
  object space 1048576K, 19% used [0x0000000760000000,0x000000076c515c20,0x00000007a0000000)
 Metaspace       used 82570K, capacity 84292K, committed 128128K, reserved 1161216K
  class space    used 9167K, capacity 9561K, committed 16000K, reserved 1048576K
Event: 16342.597 GC heap after
Heap after GC invocations=110 (full 15):
 PSYoungGen      total 408576K, used 8478K [0x00000007a0000000, 0x00000007bf800000, 0x00000007c0000000)
  eden space 305664K, 0% used [0x00000007a0000000,0x00000007a0000000,0x00000007b2a80000)
  from space 102912K, 8% used [0x00000007b2a80000,0x00000007b32c7b68,0x00000007b8f00000)
  to   space 99840K, 0% used [0x00000007b9680000,0x00000007b9680000,0x00000007bf800000)
 ParOldGen       total 1048576K, used 207732K [0x0000000760000000, 0x00000007a0000000, 0x00000007a0000000)
  object space 1048576K, 19% used [0x0000000760000000,0x000000076cadd020,0x00000007a0000000)
 Metaspace       used 82570K, capacity 84292K, committed 128128K, reserved 1161216K
  class space    used 9167K, capacity 9561K, committed 16000K, reserved 1048576K
}
Event: 16346.923 GC heap before
{Heap before GC invocations=111 (full 15):
 PSYoungGen      total 408576K, used 314142K [0x00000007a0000000, 0x00000007bf800000, 0x00000007c0000000)
  eden space 305664K, 100% used [0x00000007a0000000,0x00000007b2a80000,0x00000007b2a80000)
  from space 102912K, 8% used [0x00000007b2a80000,0x00000007b32c7b68,0x00000007b8f00000)
  to   space 99840K, 0% used [0x00000007b9680000,0x00000007b9680000,0x00000007bf800000)
 ParOldGen       total 1048576K, used 207732K [0x0000000760000000, 0x00000007a0000000, 0x00000007a0000000)
  object space 1048576K, 19% used [0x0000000760000000,0x000000076cadd020,0x00000007a0000000)
 Metaspace       used 88765K, capacity 90700K, committed 128128K, reserved 1161216K
  class space    used 10011K, capacity 10451K, committed 16000K, reserved 1048576K
Event: 16347.206 GC heap after
Heap after GC invocations=111 (full 15):
 PSYoungGen      total 390656K, used 94227K [0x00000007a0000000, 0x00000007c0000000, 0x00000007c0000000)
  eden space 290816K, 0% used [0x00000007a0000000,0x00000007a0000000,0x00000007b1c00000)
  from space 99840K, 94% used [0x00000007b9680000,0x00000007bf284fe0,0x00000007bf800000)
  to   space 116736K, 0% used [0x00000007b1c00000,0x00000007b1c00000,0x00000007b8e00000)
 ParOldGen       total 1048576K, used 209310K [0x0000000760000000, 0x00000007a0000000, 0x00000007a0000000)
  object space 1048576K, 19% used [0x0000000760000000,0x000000076cc67bb0,0x00000007a0000000)
 Metaspace       used 88765K, capacity 90700K, committed 128128K, reserved 1161216K
  class space    used 10011K, capacity 10451K, committed 16000K, reserved 1048576K
}
Event: 16520.725 GC heap before
{Heap before GC invocations=112 (full 15):
 PSYoungGen      total 390656K, used 145171K [0x00000007a0000000, 0x00000007c0000000, 0x00000007c0000000)
  eden space 290816K, 17% used [0x00000007a0000000,0x00000007a31bfea0,0x00000007b1c00000)
  from space 99840K, 94% used [0x00000007b9680000,0x00000007bf284fe0,0x00000007bf800000)
  to   space 116736K, 0% used [0x00000007b1c00000,0x00000007b1c00000,0x00000007b8e00000)
 ParOldGen       total 1048576K, used 209310K [0x0000000760000000, 0x00000007a0000000, 0x00000007a0000000)
  object space 1048576K, 19% used [0x0000000760000000,0x000000076cc67bb0,0x00000007a0000000)
 Metaspace       used 88766K, capacity 90700K, committed 128128K, reserved 1161216K
  class space    used 10011K, capacity 10451K, committed 16000K, reserved 1048576K
Event: 16521.051 GC heap after
Heap after GC invocations=112 (full 15):
 PSYoungGen      total 407552K, used 5717K [0x00000007a0000000, 0x00000007c0000000, 0x00000007c0000000)
  eden space 290816K, 0% used [0x00000007a0000000,0x00000007a0000000,0x00000007b1c00000)
  from space 116736K, 4% used [0x00000007b1c00000,0x00000007b2195640,0x00000007b8e00000)
  to   space 113664K, 0% used [0x00000007b9100000,0x00000007b9100000,0x00000007c0000000)
 ParOldGen       total 1048576K, used 293173K [0x0000000760000000, 0x00000007a0000000, 0x00000007a0000000)
  object space 1048576K, 27% used [0x0000000760000000,0x0000000771e4d670,0x00000007a0000000)
 Metaspace       used 88766K, capacity 90700K, committed 128128K, reserved 1161216K
  class space    used 10011K, capacity 10451K, committed 16000K, reserved 1048576K
}
Event: 16521.051 GC heap before
{Heap before GC invocations=113 (full 16):
 PSYoungGen      total 407552K, used 5717K [0x00000007a0000000, 0x00000007c0000000, 0x00000007c0000000)
  eden space 290816K, 0% used [0x00000007a0000000,0x00000007a0000000,0x00000007b1c00000)
  from space 116736K, 4% used [0x00000007b1c00000,0x00000007b2195640,0x00000007b8e00000)
  to   space 113664K, 0% used [0x00000007b9100000,0x00000007b9100000,0x00000007c0000000)
 ParOldGen       total 1048576K, used 293173K [0x0000000760000000, 0x00000007a0000000, 0x00000007a0000000)
  object space 1048576K, 27% used [0x0000000760000000,0x0000000771e4d670,0x00000007a0000000)
 Metaspace       used 88766K, capacity 90700K, committed 128128K, reserved 1161216K
  class space    used 10011K, capacity 10451K, committed 16000K, reserved 1048576K

